<?xml version="1.0" encoding="UTF-8"?>
<testsuite name="exercise.MyListenerTest" tests="1" skipped="0" failures="0" errors="0" timestamp="2024-01-30T15:13:51" hostname="yrl6cnqc7c-mac" time="0.001">
  <properties/>
  <testcase name="testMyListenerClass" classname="exercise.MyListenerTest" time="0.001"/>
  <system-out><![CDATA[]]></system-out>
  <system-err><![CDATA[]]></system-err>
</testsuite>
