<?xml version="1.0" encoding="UTF-8"?>
<testsuite name="RectangleTest" tests="2" skipped="0" failures="0" errors="0" timestamp="2024-01-30T15:01:21" hostname="yrl6cnqc7c-mac" time="0.0">
  <properties/>
  <testcase name="testCalculateAreaWithZero" classname="RectangleTest" time="0.0"/>
  <testcase name="testCalculateArea" classname="RectangleTest" time="0.0"/>
  <system-out><![CDATA[]]></system-out>
  <system-err><![CDATA[]]></system-err>
</testsuite>
