<?xml version="1.0" encoding="UTF-8"?>
<testsuite name="CustomerTest" tests="1" skipped="0" failures="0" errors="0" timestamp="2024-01-30T15:04:33" hostname="yrl6cnqc7c-mac" time="0.194">
  <properties/>
  <testcase name="testPlaceOrder" classname="CustomerTest" time="0.194"/>
  <system-out><![CDATA[]]></system-out>
  <system-err><![CDATA[]]></system-err>
</testsuite>
