<?xml version="1.0" encoding="UTF-8"?>
<testsuite name="exercise.AppTest" tests="4" skipped="0" failures="0" errors="0" timestamp="2024-01-30T15:20:25" hostname="yrl6cnqc7c-mac" time="0.003">
  <properties/>
  <testcase name="testGetNames" classname="exercise.AppTest" time="0.002"/>
  <testcase name="testFunctionApply" classname="exercise.AppTest" time="0.0"/>
  <testcase name="testPredicateTest" classname="exercise.AppTest" time="0.001"/>
  <testcase name="testConsumerAccept" classname="exercise.AppTest" time="0.0"/>
  <system-out><![CDATA[]]></system-out>
  <system-err><![CDATA[]]></system-err>
</testsuite>
