<?xml version="1.0" encoding="UTF-8"?>
<testsuite name="exercise.AppTest" tests="3" skipped="0" failures="0" errors="0" timestamp="2024-01-30T15:25:31" hostname="yrl6cnqc7c-mac" time="0.004">
  <properties/>
  <testcase name="testApply" classname="exercise.AppTest" time="0.002"/>
  <testcase name="testTest" classname="exercise.AppTest" time="0.0"/>
  <testcase name="testAccept" classname="exercise.AppTest" time="0.001"/>
  <system-out><![CDATA[]]></system-out>
  <system-err><![CDATA[]]></system-err>
</testsuite>
