<?xml version="1.0" encoding="UTF-8"?>
<testsuite name="exercise.ActionEventTest" tests="4" skipped="0" failures="0" errors="0" timestamp="2024-01-30T15:09:01" hostname="yrl6cnqc7c-mac" time="0.012">
  <properties/>
  <testcase name="testToString" classname="exercise.ActionEventTest" time="0.009"/>
  <testcase name="testEqualsAndHashCode" classname="exercise.ActionEventTest" time="0.002"/>
  <testcase name="testGetSource" classname="exercise.ActionEventTest" time="0.0"/>
  <testcase name="testNotEquals" classname="exercise.ActionEventTest" time="0.0"/>
  <system-out><![CDATA[]]></system-out>
  <system-err><![CDATA[]]></system-err>
</testsuite>
