<?xml version="1.0" encoding="UTF-8"?>
<testsuite name="exercise.ButtonTest" tests="5" skipped="0" failures="0" errors="0" timestamp="2024-01-30T15:09:01" hostname="yrl6cnqc7c-mac" time="0.005">
  <properties/>
  <testcase name="testAskIfButtonIsPressedNo" classname="exercise.ButtonTest" time="0.002"/>
  <testcase name="testConstructorAndGetTitle" classname="exercise.ButtonTest" time="0.0"/>
  <testcase name="testAskIfButtonIsPressedYes" classname="exercise.ButtonTest" time="0.0"/>
  <testcase name="testToString" classname="exercise.ButtonTest" time="0.001"/>
  <testcase name="testSetTitle" classname="exercise.ButtonTest" time="0.001"/>
  <system-out><![CDATA[]]></system-out>
  <system-err><![CDATA[]]></system-err>
</testsuite>
