<?xml version="1.0" encoding="UTF-8"?>
<testsuite name="exercise.MickeyMouseTest" tests="1" skipped="0" failures="0" errors="0" timestamp="2024-01-30T15:10:35" hostname="yrl6cnqc7c-mac" time="0.18">
  <properties/>
  <testcase name="testActionPerformed" classname="exercise.MickeyMouseTest" time="0.18"/>
  <system-out><![CDATA[]]></system-out>
  <system-err><![CDATA[]]></system-err>
</testsuite>
